<?xml version="1.0" encoding="UTF-8"?>
<robot generator="Robot 4.1 (Python 3.9.4 on win32)" generated="20210907 18:44:02.694" rpa="false" schemaversion="2">
<suite id="s1" name="Axframework" source="C:\Users\John X\Google Drive\Personal\Dev\workspace\axframework">
<suite id="s1-s1" name="Test" source="C:\Users\John X\Google Drive\Personal\Dev\workspace\axframework\test">
<kw name="get arguments">
<msg timestamp="20210907 18:44:04.136" level="TRACE">Arguments: [  ]</msg>
<kw name="Set Global Variable" library="BuiltIn">
<arg>${Server_URI}</arg>
<doc>Makes a variable available globally in all tests and suites.</doc>
<msg timestamp="20210907 18:44:04.137" level="TRACE">Arguments: [ '${Server_URI}' ]</msg>
<msg timestamp="20210907 18:44:04.137" level="INFO">${Server_URI} = Local Libraries</msg>
<msg timestamp="20210907 18:44:04.137" level="TRACE">Return: None</msg>
<status status="PASS" starttime="20210907 18:44:04.137" endtime="20210907 18:44:04.137"/>
</kw>
<kw name="Set Global Variable" library="BuiltIn">
<arg>${KeywordLibrary}</arg>
<doc>Makes a variable available globally in all tests and suites.</doc>
<msg timestamp="20210907 18:44:04.138" level="TRACE">Arguments: [ '${KeywordLibrary}' ]</msg>
<msg timestamp="20210907 18:44:04.138" level="INFO">${KeywordLibrary} = C:\Users\John X\Google Drive\Personal\Dev\workspace\axframework\test/../lib/utils/AllKeywordsLibrary.py</msg>
<msg timestamp="20210907 18:44:04.138" level="TRACE">Return: None</msg>
<status status="PASS" starttime="20210907 18:44:04.138" endtime="20210907 18:44:04.138"/>
</kw>
<kw name="Run Keyword If" library="BuiltIn">
<arg>"${RUN_LOCATION}" == "remote"</arg>
<arg>Set Remote Library</arg>
<doc>Runs the given keyword with the given arguments, if ``condition`` is true.</doc>
<msg timestamp="20210907 18:44:04.139" level="TRACE">Arguments: [ '"local" == "remote"' | 'Set Remote Library' ]</msg>
<msg timestamp="20210907 18:44:04.139" level="TRACE">Return: None</msg>
<status status="PASS" starttime="20210907 18:44:04.138" endtime="20210907 18:44:04.139"/>
</kw>
<kw name="Set Global Variable" library="BuiltIn">
<arg>${BROWSER}</arg>
<doc>Makes a variable available globally in all tests and suites.</doc>
<msg timestamp="20210907 18:44:04.139" level="TRACE">Arguments: [ '${BROWSER}' ]</msg>
<msg timestamp="20210907 18:44:04.139" level="INFO">${BROWSER} = chrome</msg>
<msg timestamp="20210907 18:44:04.139" level="TRACE">Return: None</msg>
<status status="PASS" starttime="20210907 18:44:04.139" endtime="20210907 18:44:04.140"/>
</kw>
<kw name="Log To Console" library="BuiltIn">
<arg>Sever URI: ${Server_URI}</arg>
<doc>Logs the given message to the console.</doc>
<msg timestamp="20210907 18:44:04.140" level="TRACE">Arguments: [ 'Sever URI: Local Libraries' ]</msg>
<msg timestamp="20210907 18:44:04.140" level="TRACE">Return: None</msg>
<status status="PASS" starttime="20210907 18:44:04.140" endtime="20210907 18:44:04.141"/>
</kw>
<kw name="Log To Console" library="BuiltIn">
<arg>Run Library: ${KeywordLibrary}</arg>
<doc>Logs the given message to the console.</doc>
<msg timestamp="20210907 18:44:04.142" level="TRACE">Arguments: [ 'Run Library: C:\\Users\\John X\\Google Drive\\Personal\\Dev\\workspace\\axframework\\test/../lib/utils/AllKeywordsLibrary.py' ]</msg>
<msg timestamp="20210907 18:44:04.143" level="TRACE">Return: None</msg>
<status status="PASS" starttime="20210907 18:44:04.141" endtime="20210907 18:44:04.143"/>
</kw>
<msg timestamp="20210907 18:44:04.144" level="TRACE">Return: None</msg>
<status status="PASS" starttime="20210907 18:44:04.136" endtime="20210907 18:44:04.144"/>
</kw>
<suite id="s1-s1-s1" name="Sofi" source="C:\Users\John X\Google Drive\Personal\Dev\workspace\axframework\test\sofi">
<kw name="launch browser" type="SETUP">
<tag>DEBUG</tag>
<msg timestamp="20210907 18:44:04.190" level="TRACE">Arguments: [  ]</msg>
<kw name="Open Browser" library="AllKeywordsLibrary">
<arg>${browser}</arg>
<msg timestamp="20210907 18:44:04.191" level="TRACE">Arguments: [ 'chrome' ]</msg>
<msg timestamp="20210907 18:44:06.624" level="DEBUG">POST http://127.0.0.1:60107/session {"capabilities": {"firstMatch": [{}], "alwaysMatch": {"browserName": "chrome", "platformName": "any", "goog:chromeOptions": {"extensions": [], "args": []}}}, "desiredCapabilities": {"browserName": "chrome", "version": "", "platform": "ANY", "goog:chromeOptions": {"extensions": [], "args": []}}}</msg>
<msg timestamp="20210907 18:44:06.625" level="DEBUG">Starting new HTTP connection (1): 127.0.0.1:60107</msg>
<msg timestamp="20210907 18:44:08.645" level="DEBUG">http://127.0.0.1:60107 "POST /session HTTP/1.1" 200 790</msg>
<msg timestamp="20210907 18:44:08.647" level="DEBUG">Finished Request</msg>
<msg timestamp="20210907 18:44:08.648" level="INFO">brower id: ('1cec6451-102d-11ec-8d97-bc8385016995', &lt;selenium.webdriver.chrome.webdriver.WebDriver (session="eb4f4840f1c11a2215e57f955bb04521")&gt;)</msg>
<msg timestamp="20210907 18:44:08.648" level="DEBUG">browser list: {'1cec6451-102d-11ec-8d97-bc8385016995': &lt;selenium.webdriver.chrome.webdriver.WebDriver (session="eb4f4840f1c11a2215e57f955bb04521")&gt;}</msg>
<msg timestamp="20210907 18:44:08.648" level="INFO">Browser instance: None</msg>
<msg timestamp="20210907 18:44:08.648" level="TRACE">Return: None</msg>
<status status="PASS" starttime="20210907 18:44:04.190" endtime="20210907 18:44:08.648"/>
</kw>
<kw name="Open Page" library="AllKeywordsLibrary">
<arg>${URL}</arg>
<msg timestamp="20210907 18:44:08.649" level="TRACE">Arguments: [ 'http://sofi.com/' ]</msg>
<msg timestamp="20210907 18:44:08.653" level="FAIL">AttributeError: 'NoneType' object has no attribute 'get'</msg>
<msg timestamp="20210907 18:44:08.653" level="DEBUG">Traceback (most recent call last):
  File "C:\Users\John X\Google Drive\Personal\Dev\workspace\axframework\lib\utils\AllKeywordsLibrary.py", line 33, in open_page
    self._browser.get(url)</msg>
<status status="FAIL" starttime="20210907 18:44:08.649" endtime="20210907 18:44:08.653"/>
</kw>
<kw name="Verify Sofi Page Loaded" library="AllKeywordsLibrary">
<status status="NOT RUN" starttime="20210907 18:44:08.653" endtime="20210907 18:44:08.654"/>
</kw>
<status status="FAIL" starttime="20210907 18:44:04.190" endtime="20210907 18:44:08.654"/>
</kw>
<suite id="s1-s1-s1-s1" name="Sofi Login" source="C:\Users\John X\Google Drive\Personal\Dev\workspace\axframework\test\sofi\sofi_login.robot">
<test id="s1-s1-s1-s1-t1" name="Login to Sofi">
<tag>DEBUG</tag>
<status status="FAIL" starttime="20210907 18:44:08.656" endtime="20210907 18:44:08.658">Parent suite setup failed:
AttributeError: 'NoneType' object has no attribute 'get'</status>
</test>
<doc>Login to Sofi</doc>
<status status="FAIL" starttime="20210907 18:44:08.654" endtime="20210907 18:44:08.660">Parent suite setup failed:
AttributeError: 'NoneType' object has no attribute 'get'</status>
</suite>
<kw name="close and release values" type="TEARDOWN">
<msg timestamp="20210907 18:44:08.667" level="TRACE">Arguments: [  ]</msg>
<kw name="Close Browser" library="AllKeywordsLibrary">
<msg timestamp="20210907 18:44:08.668" level="TRACE">Arguments: [  ]</msg>
<msg timestamp="20210907 18:44:08.668" level="TRACE">Return: None</msg>
<msg timestamp="20210907 18:44:08.668" level="FAIL">AttributeError: 'NoneType' object has no attribute 'close_browser'</msg>
<msg timestamp="20210907 18:44:08.668" level="DEBUG">Traceback (most recent call last):
  File "C:\Users\John X\Google Drive\Personal\Dev\workspace\axframework\lib\utils\AllKeywordsLibrary.py", line 39, in close_browser
    self._browser_manager.close_browser(self._browser_id)</msg>
<status status="FAIL" starttime="20210907 18:44:08.667" endtime="20210907 18:44:08.668"/>
</kw>
<msg timestamp="20210907 18:44:08.669" level="TRACE">Return: None</msg>
<status status="FAIL" starttime="20210907 18:44:08.667" endtime="20210907 18:44:08.669">AttributeError: 'NoneType' object has no attribute 'close_browser'</status>
</kw>
<doc>Browsers Root Suite</doc>
<status status="FAIL" starttime="20210907 18:44:04.148" endtime="20210907 18:44:08.669">Suite setup failed:
AttributeError: 'NoneType' object has no attribute 'get'

Also suite teardown failed:
AttributeError: 'NoneType' object has no attribute 'close_browser'</status>
</suite>
<kw name="reset values" type="TEARDOWN">
<msg timestamp="20210907 18:44:08.676" level="TRACE">Arguments: [  ]</msg>
<kw name="Run Keyword And Ignore Error" library="BuiltIn">
<arg>Release Value Set</arg>
<doc>Runs the given keyword with the given arguments and ignores possible error.</doc>
<msg timestamp="20210907 18:44:08.677" level="TRACE">Arguments: [ 'Release Value Set' ]</msg>
<kw name="Release Value Set" library="pabot.PabotLib">
<doc>Release a reserved value set so that other executions can use it also.
[https://pabot.org/PabotLib.html?ref=log#release-value-set|Open online docs.]</doc>
<msg timestamp="20210907 18:44:08.679" level="TRACE">Arguments: [  ]</msg>
<msg timestamp="20210907 18:44:08.686" level="DEBUG">Caller ID is  None</msg>
<msg timestamp="20210907 18:44:08.689" level="DEBUG">PabotLib URI None</msg>
<msg timestamp="20210907 18:44:08.689" level="TRACE">Return: None</msg>
<status status="PASS" starttime="20210907 18:44:08.678" endtime="20210907 18:44:08.689"/>
</kw>
<msg timestamp="20210907 18:44:08.689" level="TRACE">Return: ('PASS', None)</msg>
<status status="PASS" starttime="20210907 18:44:08.676" endtime="20210907 18:44:08.690"/>
</kw>
<msg timestamp="20210907 18:44:08.690" level="TRACE">Return: None</msg>
<status status="PASS" starttime="20210907 18:44:08.675" endtime="20210907 18:44:08.690"/>
</kw>
<doc>Root Suite for all test</doc>
<status status="FAIL" starttime="20210907 18:44:02.749" endtime="20210907 18:44:08.690"/>
</suite>
<status status="FAIL" starttime="20210907 18:44:02.698" endtime="20210907 18:44:08.705"/>
</suite>
<statistics>
<total>
<stat pass="0" fail="1" skip="0">All Tests</stat>
</total>
<tag>
<stat pass="0" fail="1" skip="0">DEBUG</stat>
</tag>
<suite>
<stat pass="0" fail="1" skip="0" id="s1" name="Axframework">Axframework</stat>
<stat pass="0" fail="1" skip="0" id="s1-s1" name="Test">Axframework.Test</stat>
<stat pass="0" fail="1" skip="0" id="s1-s1-s1" name="Sofi">Axframework.Test.Sofi</stat>
<stat pass="0" fail="1" skip="0" id="s1-s1-s1-s1" name="Sofi Login">Axframework.Test.Sofi.Sofi Login</stat>
</suite>
</statistics>
<errors>
</errors>
</robot>
